{"C:\\Users\\yshauliuk\\Desktop\\Projects\\exadel\\project_server\\src\\models\\userModel.ts": {"path":"C:\\Users\\yshauliuk\\Desktop\\Projects\\exadel\\project_server\\src\\models\\userModel.ts","statementMap":{"0":{"start":{"line":1,"column":0},"end":{"line":1,"column":41}},"1":{"start":{"line":8,"column":19},"end":{"line":11,"column":2}},"2":{"start":{"line":13,"column":0},"end":{"line":13,"column":50}}},"fnMap":{},"branchMap":{},"s":{"0":1,"1":1,"2":1},"f":{},"b":{}}
,"C:\\Users\\yshauliuk\\Desktop\\Projects\\exadel\\project_server\\test\\conn.ts": {"path":"C:\\Users\\yshauliuk\\Desktop\\Projects\\exadel\\project_server\\test\\conn.ts","statementMap":{"0":{"start":{"line":1,"column":0},"end":{"line":1,"column":48}},"1":{"start":{"line":2,"column":15},"end":{"line":2,"column":32}},"2":{"start":{"line":4,"column":0},"end":{"line":4,"column":40}},"3":{"start":{"line":6,"column":25},"end":{"line":18,"column":2}},"4":{"start":{"line":6,"column":36},"end":{"line":18,"column":2}},"5":{"start":{"line":7,"column":2},"end":{"line":17,"column":null}},"6":{"start":{"line":8,"column":4},"end":{"line":14,"column":8}},"7":{"start":{"line":11,"column":8},"end":{"line":12,"column":null}},"8":{"start":{"line":16,"column":4},"end":{"line":16,"column":21}},"9":{"start":{"line":6,"column":13},"end":{"line":6,"column":25}},"10":{"start":{"line":20,"column":28},"end":{"line":22,"column":2}},"11":{"start":{"line":20,"column":39},"end":{"line":22,"column":2}},"12":{"start":{"line":21,"column":2},"end":{"line":21,"column":24}},"13":{"start":{"line":20,"column":13},"end":{"line":20,"column":28}}},"fnMap":{"0":{"name":"(anonymous_8)","decl":{"start":{"line":6,"column":25},"end":{"line":6,"column":34}},"loc":{"start":{"line":6,"column":36},"end":{"line":18,"column":2}}},"1":{"name":"(anonymous_9)","decl":{"start":{"line":6,"column":36},"end":{"line":6,"column":null}},"loc":{"start":{"line":6,"column":36},"end":{"line":18,"column":1}}},"2":{"name":"(anonymous_10)","decl":{"start":{"line":10,"column":12},"end":{"line":10,"column":15}},"loc":{"start":{"line":11,"column":8},"end":{"line":12,"column":null}}},"3":{"name":"(anonymous_11)","decl":{"start":{"line":20,"column":28},"end":{"line":20,"column":37}},"loc":{"start":{"line":20,"column":39},"end":{"line":22,"column":2}}},"4":{"name":"(anonymous_12)","decl":{"start":{"line":20,"column":39},"end":{"line":20,"column":null}},"loc":{"start":{"line":20,"column":39},"end":{"line":22,"column":1}}}},"branchMap":{},"s":{"0":1,"1":1,"2":1,"3":1,"4":1,"5":1,"6":1,"7":1,"8":0,"9":1,"10":1,"11":1,"12":1,"13":1},"f":{"0":1,"1":1,"2":1,"3":1,"4":1},"b":{}}
}
